[debug] [2023-04-20T17:46:36.391Z] ----------------------------------------------------------------------
[debug] [2023-04-20T17:46:36.392Z] Command:       C:\Program Files\nodejs\node.exe C:\Users\Usuario DPC\AppData\Roaming\npm\node_modules\firebase-tools\lib\bin\firebase.js init
[debug] [2023-04-20T17:46:36.392Z] CLI Version:   11.28.0
[debug] [2023-04-20T17:46:36.392Z] Platform:      win32
[debug] [2023-04-20T17:46:36.392Z] Node Version:  v16.14.2
[debug] [2023-04-20T17:46:36.393Z] Time:          Thu Apr 20 2023 14:46:36 GMT-0300 (hora estándar de Argentina)
[debug] [2023-04-20T17:46:36.393Z] ----------------------------------------------------------------------
[debug] 
[debug] [2023-04-20T17:46:36.398Z] > command requires scopes: ["email","openid","https://www.googleapis.com/auth/cloudplatformprojects.readonly","https://www.googleapis.com/auth/firebase","https://www.googleapis.com/auth/cloud-platform"]
[debug] [2023-04-20T17:46:36.399Z] > authorizing via signed-in user (maurojulian@gmail.com)
[info] 
     ######## #### ########  ######## ########     ###     ######  ########
     ##        ##  ##     ## ##       ##     ##  ##   ##  ##       ##
     ######    ##  ########  ######   ########  #########  ######  ######
     ##        ##  ##    ##  ##       ##     ## ##     ##       ## ##
     ##       #### ##     ## ######## ########  ##     ##  ######  ########

You're about to initialize a Firebase project in this directory:

  C:\libreria

Before we get started, keep in mind:

  * You are currently outside your home directory

[info] 
=== Project Setup
[info] 
[info] First, let's associate this project directory with a Firebase project.
[info] You can create multiple project aliases by running firebase use --add, 
[info] but for now we'll just set up a default project.
[info] 
[debug] [2023-04-20T17:48:23.582Z] >>> [apiv2][query] GET https://firebase.googleapis.com/v1beta1/projects pageSize=100
[debug] [2023-04-20T17:48:24.227Z] <<< [apiv2][status] GET https://firebase.googleapis.com/v1beta1/projects 200
[debug] [2023-04-20T17:48:24.227Z] <<< [apiv2][body] GET https://firebase.googleapis.com/v1beta1/projects [omitted]
[info] i  Using project juafer-facjul (juafer-facjul) 
[info] 
=== Hosting Setup
[info] 
[info] Your public directory is the folder (relative to your project directory) that
[info] will contain Hosting assets to be uploaded with firebase deploy. If you
[info] have a build process for your assets, use your build's output directory.
[info] 
[debug] [2023-04-20T17:49:45.292Z] >>> [apiv2][query] GET https://www.gstatic.com/firebasejs/releases.json [none]
[debug] [2023-04-20T17:49:45.354Z] <<< [apiv2][status] GET https://www.gstatic.com/firebasejs/releases.json 200
[debug] [2023-04-20T17:49:45.354Z] <<< [apiv2][body] GET https://www.gstatic.com/firebasejs/releases.json {"current":{"version":"9.20.0","browserURL":"https://www.gstatic.com/firebasejs/9.20.0/firebase.js","packageURL":"https://www.gstatic.com/firebasejs/9.20.0/firebase.tgz"},"live":{"version":"9.20","browserURL":"https://www.gstatic.com/firebasejs/live/9.20/firebase.js","packageURL":"https://www.gstatic.com/firebasejs/live/9.20/firebase.tgz"},"components":{"analytics":"https://www.gstatic.com/firebasejs/9.20.0/firebase-analytics.js","app":"https://www.gstatic.com/firebasejs/9.20.0/firebase-app.js","app-check":"https://www.gstatic.com/firebasejs/9.20.0/firebase-app-check.js","auth":"https://www.gstatic.com/firebasejs/9.20.0/firebase-auth.js","auth/cordova":"https://www.gstatic.com/firebasejs/9.20.0/firebase-auth/cordova.js","auth/react-native":"https://www.gstatic.com/firebasejs/9.20.0/firebase-auth/react-native.js","functions":"https://www.gstatic.com/firebasejs/9.20.0/firebase-functions.js","firestore":"https://www.gstatic.com/firebasejs/9.20.0/firebase-firestore.js","firestore/lite":"https://www.gstatic.com/firebasejs/9.20.0/firebase-firestore/lite.js","installations":"https://www.gstatic.com/firebasejs/9.20.0/firebase-installations.js","storage":"https://www.gstatic.com/firebasejs/9.20.0/firebase-storage.js","performance":"https://www.gstatic.com/firebasejs/9.20.0/firebase-performance.js","remote-config":"https://www.gstatic.com/firebasejs/9.20.0/firebase-remote-config.js","messaging":"https://www.gstatic.com/firebasejs/9.20.0/firebase-messaging.js","messaging/sw":"https://www.gstatic.com/firebasejs/9.20.0/firebase-messaging/sw.js","database":"https://www.gstatic.com/firebasejs/9.20.0/firebase-database.js","firestore.memory":"https://www.gstatic.com/firebasejs/9.20.0/firebase-firestore.memory.js"}}
[info] +  Wrote y/index.html 
[info] 
[info] i  Didn't detect a .git folder. Assuming C:\libreria is the project root. 
[info] i  Authorizing with GitHub to upload your service account to a GitHub repository's secrets store. 
[info] 
[info] Visit this URL on this device to log in:
[info] https://github.com/login/oauth/authorize?client_id=89cf50f02ac6aaed3484&state=1398709&redirect_uri=http%3A%2F%2Flocalhost%3A9005&scope=read%3Auser%20repo%20public_repo
[info] 
[info] Waiting for authentication...
[debug] [2023-04-20T17:49:58.562Z] >>> [apiv2][query] POST https://github.com/login/oauth/access_token [none]
[debug] [2023-04-20T17:49:58.562Z] >>> [apiv2][body] POST https://github.com/login/oauth/access_token [stream]
[debug] [2023-04-20T17:49:58.923Z] <<< [apiv2][status] POST https://github.com/login/oauth/access_token 200
[debug] [2023-04-20T17:49:58.923Z] <<< [apiv2][body] POST https://github.com/login/oauth/access_token {"access_token":"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","token_type":"bearer","scope":"read:user,repo"}
[debug] [2023-04-20T17:49:58.926Z] >>> [apiv2][query] GET https://api.github.com/user [none]
[debug] [2023-04-20T17:49:59.264Z] <<< [apiv2][status] GET https://api.github.com/user 200
[debug] [2023-04-20T17:49:59.264Z] <<< [apiv2][body] GET https://api.github.com/user {"login":"julianmauro777","id":81441066,"node_id":"MDQ6VXNlcjgxNDQxMDY2","avatar_url":"https://avatars.githubusercontent.com/u/81441066?v=4","gravatar_id":"","url":"https://api.github.com/users/julianmauro777","html_url":"https://github.com/julianmauro777","followers_url":"https://api.github.com/users/julianmauro777/followers","following_url":"https://api.github.com/users/julianmauro777/following{/other_user}","gists_url":"https://api.github.com/users/julianmauro777/gists{/gist_id}","starred_url":"https://api.github.com/users/julianmauro777/starred{/owner}{/repo}","subscriptions_url":"https://api.github.com/users/julianmauro777/subscriptions","organizations_url":"https://api.github.com/users/julianmauro777/orgs","repos_url":"https://api.github.com/users/julianmauro777/repos","events_url":"https://api.github.com/users/julianmauro777/events{/privacy}","received_events_url":"https://api.github.com/users/julianmauro777/received_events","type":"User","site_admin":false,"name":null,"company":null,"blog":"","location":null,"email":null,"hireable":null,"bio":null,"twitter_username":null,"public_repos":5,"public_gists":0,"followers":0,"following":3,"created_at":"2021-03-26T19:19:35Z","updated_at":"2023-03-20T23:19:16Z","private_gists":0,"total_private_repos":0,"owned_private_repos":0,"disk_usage":65,"collaborators":0,"two_factor_authentication":false,"plan":{"name":"free","space":976562499,"collaborators":0,"private_repos":10000}}
[info] 
[info] +  Success! Logged into GitHub as julianmauro777 
[info] 
[debug] [2023-04-20T17:50:08.459Z] >>> [apiv2][query] GET https://api.github.com/repos//actions/secrets/public-key type=owner
[debug] [2023-04-20T17:50:08.750Z] <<< [apiv2][status] GET https://api.github.com/repos//actions/secrets/public-key 404
[debug] [2023-04-20T17:50:08.751Z] <<< [apiv2][body] GET https://api.github.com/repos//actions/secrets/public-key {"message":"Not Found","documentation_url":"https://docs.github.com/rest"}
[info] 
[info] 
[error] !  The provided authorization cannot be used with this repository. If this repository is in an organization, did you remember to grant access? 
[info] 
[info] i  Action required: Visit this URL to ensure access has been granted to the appropriate organization(s) for the Firebase CLI GitHub OAuth App: 
[info] https://github.com/settings/connections/applications/89cf50f02ac6aaed3484
[info] 
[debug] [2023-04-20T17:50:17.171Z] >>> [apiv2][query] GET https://api.github.com/repos/user/actions/secrets/public-key type=owner
[debug] [2023-04-20T17:50:17.459Z] <<< [apiv2][status] GET https://api.github.com/repos/user/actions/secrets/public-key 404
[debug] [2023-04-20T17:50:17.459Z] <<< [apiv2][body] GET https://api.github.com/repos/user/actions/secrets/public-key {"message":"Not Found","documentation_url":"https://docs.github.com/rest"}
[info] 
[info] 
[error] !  The provided authorization cannot be used with this repository. If this repository is in an organization, did you remember to grant access? 
[info] 
[info] i  Action required: Visit this URL to ensure access has been granted to the appropriate organization(s) for the Firebase CLI GitHub OAuth App: 
[info] https://github.com/settings/connections/applications/89cf50f02ac6aaed3484
[info] 
[debug] [2023-04-20T17:50:22.240Z] >>> [apiv2][query] GET https://api.github.com/repos/u/actions/secrets/public-key type=owner
[debug] [2023-04-20T17:50:22.522Z] <<< [apiv2][status] GET https://api.github.com/repos/u/actions/secrets/public-key 404
[debug] [2023-04-20T17:50:22.523Z] <<< [apiv2][body] GET https://api.github.com/repos/u/actions/secrets/public-key {"message":"Not Found","documentation_url":"https://docs.github.com/rest"}
[info] 
[info] 
[error] !  The provided authorization cannot be used with this repository. If this repository is in an organization, did you remember to grant access? 
[info] 
[info] i  Action required: Visit this URL to ensure access has been granted to the appropriate organization(s) for the Firebase CLI GitHub OAuth App: 
[info] https://github.com/settings/connections/applications/89cf50f02ac6aaed3484
[info] 
[debug] [2023-04-21T04:52:41.885Z] ----------------------------------------------------------------------
[debug] [2023-04-21T04:52:41.886Z] Command:       C:\Program Files\nodejs\node.exe C:\Users\Usuario DPC\AppData\Roaming\npm\node_modules\firebase-tools\lib\bin\firebase.js init
[debug] [2023-04-21T04:52:41.886Z] CLI Version:   11.28.0
[debug] [2023-04-21T04:52:41.886Z] Platform:      win32
[debug] [2023-04-21T04:52:41.886Z] Node Version:  v16.14.2
[debug] [2023-04-21T04:52:41.890Z] Time:          Fri Apr 21 2023 01:52:41 GMT-0300 (hora estándar de Argentina)
[debug] [2023-04-21T04:52:41.890Z] ----------------------------------------------------------------------
[debug] 
[debug] [2023-04-21T04:52:41.895Z] > command requires scopes: ["email","openid","https://www.googleapis.com/auth/cloudplatformprojects.readonly","https://www.googleapis.com/auth/firebase","https://www.googleapis.com/auth/cloud-platform"]
[debug] [2023-04-21T04:52:41.896Z] > authorizing via signed-in user (maurojulian@gmail.com)
[info] 
     ######## #### ########  ######## ########     ###     ######  ########
     ##        ##  ##     ## ##       ##     ##  ##   ##  ##       ##
     ######    ##  ########  ######   ########  #########  ######  ######
     ##        ##  ##    ##  ##       ##     ## ##     ##       ## ##
     ##       #### ##     ## ######## ########  ##     ##  ######  ########

You're about to initialize a Firebase project in this directory:

  C:\libreria

Before we get started, keep in mind:

  * You are currently outside your home directory

